<?xml version="1.0" encoding="utf-8"?><testsuites name="pytest tests"><testsuite name="pytest" errors="0" failures="0" skipped="0" tests="11" time="3.930" timestamp="2026-01-15T16:09:53.691888+00:00" hostname="agent-env-9dd506ac-e026-4024-a77f-9c8116914cf0"><testcase classname="tests.test_no_entregado_flow.TestAuthEndpoints" name="test_admin_login" time="0.500" /><testcase classname="tests.test_no_entregado_flow.TestAuthEndpoints" name="test_invalid_login" time="0.064" /><testcase classname="tests.test_no_entregado_flow.TestNoEntregadoFlow" name="test_create_envio_for_no_entregado_test" time="0.531" /><testcase classname="tests.test_no_entregado_flow.TestNoEntregadoFlow" name="test_assign_to_courier" time="0.492" /><testcase classname="tests.test_no_entregado_flow.TestNoEntregadoFlow" name="test_mark_no_entregado_with_comment_and_image" time="0.189" /><testcase classname="tests.test_no_entregado_flow.TestNoEntregadoFlow" name="test_verify_no_entregado_data_persisted" time="0.186" /><testcase classname="tests.test_no_entregado_flow.TestNoEntregadoFlow" name="test_can_retry_delivery_after_no_entregado" time="0.131" /><testcase classname="tests.test_no_entregado_flow.TestNoEntregadoFlow" name="test_cleanup_test_envio" time="0.059" /><testcase classname="tests.test_no_entregado_flow.TestNoEntregadoWithoutImage" name="test_no_entregado_comment_only" time="0.299" /><testcase classname="tests.test_no_entregado_flow.TestStateTransitions" name="test_invalid_transition_ingresada_to_no_entregado" time="0.254" /><testcase classname="tests.test_no_entregado_flow.TestImageUpload" name="test_upload_image_endpoint" time="0.804" /></testsuite></testsuites>